{"C:\\Users\\siddh\\Desktop\\React laearnings\\React\\course_namaste_react\\ep13\\src\\components\\Body.jsx": {"path":"C:\\Users\\siddh\\Desktop\\React laearnings\\React\\course_namaste_react\\ep13\\src\\components\\Body.jsx","statementMap":{"0":{"start":{"line":10,"column":13},"end":{"line":187,"column":1}},"1":{"start":{"line":15,"column":29},"end":{"line":15,"column":32}},"2":{"start":{"line":18,"column":50},"end":{"line":18,"column":62}},"3":{"start":{"line":19,"column":62},"end":{"line":19,"column":74}},"4":{"start":{"line":21,"column":37},"end":{"line":21,"column":49}},"5":{"start":{"line":24,"column":33},"end":{"line":24,"column":66}},"6":{"start":{"line":30,"column":2},"end":{"line":34,"column":9}},"7":{"start":{"line":31,"column":4},"end":{"line":31,"column":36}},"8":{"start":{"line":33,"column":4},"end":{"line":33,"column":16}},"9":{"start":{"line":36,"column":20},"end":{"line":56,"column":3}},"10":{"start":{"line":40,"column":22},"end":{"line":40,"column":46}},"11":{"start":{"line":42,"column":6},"end":{"line":43,"column":144}},"12":{"start":{"line":44,"column":17},"end":{"line":44,"column":33}},"13":{"start":{"line":45,"column":17},"end":{"line":45,"column":34}},"14":{"start":{"line":48,"column":6},"end":{"line":49,"column":21}},"15":{"start":{"line":54,"column":4},"end":{"line":54,"column":40}},"16":{"start":{"line":55,"column":4},"end":{"line":55,"column":48}},"17":{"start":{"line":63,"column":23},"end":{"line":63,"column":40}},"18":{"start":{"line":64,"column":2},"end":{"line":66,"column":3}},"19":{"start":{"line":65,"column":4},"end":{"line":65,"column":79}},"20":{"start":{"line":78,"column":40},"end":{"line":78,"column":63}},"21":{"start":{"line":80,"column":2},"end":{"line":186,"column":4}},"22":{"start":{"line":94,"column":14},"end":{"line":94,"column":43}},"23":{"start":{"line":105,"column":35},"end":{"line":107,"column":15}},"24":{"start":{"line":106,"column":16},"end":{"line":106,"column":78}},"25":{"start":{"line":108,"column":14},"end":{"line":108,"column":55}},"26":{"start":{"line":119,"column":14},"end":{"line":119,"column":44}},"27":{"start":{"line":125,"column":35},"end":{"line":127,"column":15}},"28":{"start":{"line":126,"column":25},"end":{"line":126,"column":64}},"29":{"start":{"line":130,"column":14},"end":{"line":130,"column":55}},"30":{"start":{"line":131,"column":14},"end":{"line":133,"column":16}},"31":{"start":{"line":144,"column":14},"end":{"line":144,"column":26}},"32":{"start":{"line":156,"column":29},"end":{"line":156,"column":56}},"33":{"start":{"line":171,"column":10},"end":{"line":182,"column":17}}},"fnMap":{"0":{"name":"(anonymous_0)","decl":{"start":{"line":10,"column":13},"end":{"line":10,"column":14}},"loc":{"start":{"line":10,"column":19},"end":{"line":187,"column":1}},"line":10},"1":{"name":"(anonymous_1)","decl":{"start":{"line":30,"column":12},"end":{"line":30,"column":13}},"loc":{"start":{"line":30,"column":18},"end":{"line":34,"column":3}},"line":30},"2":{"name":"(anonymous_2)","decl":{"start":{"line":36,"column":20},"end":{"line":36,"column":21}},"loc":{"start":{"line":36,"column":32},"end":{"line":56,"column":3}},"line":36},"3":{"name":"(anonymous_3)","decl":{"start":{"line":91,"column":22},"end":{"line":91,"column":23}},"loc":{"start":{"line":91,"column":29},"end":{"line":95,"column":13}},"line":91},"4":{"name":"(anonymous_4)","decl":{"start":{"line":99,"column":21},"end":{"line":99,"column":22}},"loc":{"start":{"line":99,"column":27},"end":{"line":109,"column":13}},"line":99},"5":{"name":"(anonymous_5)","decl":{"start":{"line":105,"column":60},"end":{"line":105,"column":61}},"loc":{"start":{"line":106,"column":16},"end":{"line":106,"column":78}},"line":106},"6":{"name":"(anonymous_6)","decl":{"start":{"line":118,"column":21},"end":{"line":118,"column":22}},"loc":{"start":{"line":118,"column":27},"end":{"line":134,"column":13}},"line":118},"7":{"name":"(anonymous_7)","decl":{"start":{"line":126,"column":16},"end":{"line":126,"column":17}},"loc":{"start":{"line":126,"column":25},"end":{"line":126,"column":64}},"line":126},"8":{"name":"(anonymous_8)","decl":{"start":{"line":143,"column":21},"end":{"line":143,"column":22}},"loc":{"start":{"line":143,"column":27},"end":{"line":145,"column":13}},"line":143},"9":{"name":"(anonymous_9)","decl":{"start":{"line":156,"column":22},"end":{"line":156,"column":23}},"loc":{"start":{"line":156,"column":29},"end":{"line":156,"column":56}},"line":156},"10":{"name":"(anonymous_10)","decl":{"start":{"line":170,"column":35},"end":{"line":170,"column":36}},"loc":{"start":{"line":171,"column":10},"end":{"line":182,"column":17}},"line":171}},"branchMap":{"0":{"loc":{"start":{"line":64,"column":2},"end":{"line":66,"column":3}},"type":"if","locations":[{"start":{"line":64,"column":2},"end":{"line":66,"column":3}},{"start":{},"end":{}}],"line":64},"1":{"loc":{"start":{"line":80,"column":9},"end":{"line":186,"column":3}},"type":"cond-expr","locations":[{"start":{"line":81,"column":4},"end":{"line":81,"column":15}},{"start":{"line":83,"column":4},"end":{"line":185,"column":10}}],"line":80},"2":{"loc":{"start":{"line":177,"column":13},"end":{"line":181,"column":13}},"type":"cond-expr","locations":[{"start":{"line":178,"column":14},"end":{"line":178,"column":62}},{"start":{"line":180,"column":14},"end":{"line":180,"column":54}}],"line":177}},"s":{"0":1,"1":7,"2":7,"3":7,"4":7,"5":7,"6":7,"7":2,"8":2,"9":7,"10":2,"11":2,"12":2,"13":2,"14":2,"15":2,"16":2,"17":7,"18":7,"19":0,"20":7,"21":7,"22":1,"23":1,"24":9,"25":1,"26":1,"27":1,"28":9,"29":1,"30":1,"31":0,"32":0,"33":29},"f":{"0":7,"1":2,"2":2,"3":1,"4":1,"5":9,"6":1,"7":9,"8":0,"9":0,"10":29},"b":{"0":[0,7],"1":[2,5],"2":[7,22]},"_coverageSchema":"1a1c01bbd47fc00a2c39e90264f33305004495a9","hash":"1711b4e578bca7724aab674c5bf5afb99a8da2a5"}
,"C:\\Users\\siddh\\Desktop\\React laearnings\\React\\course_namaste_react\\ep13\\src\\components\\Cart.jsx": {"path":"C:\\Users\\siddh\\Desktop\\React laearnings\\React\\course_namaste_react\\ep13\\src\\components\\Cart.jsx","statementMap":{"0":{"start":{"line":5,"column":13},"end":{"line":36,"column":1}},"1":{"start":{"line":7,"column":20},"end":{"line":7,"column":60}},"2":{"start":{"line":7,"column":43},"end":{"line":7,"column":59}},"3":{"start":{"line":9,"column":19},"end":{"line":9,"column":32}},"4":{"start":{"line":11,"column":26},"end":{"line":15,"column":3}},"5":{"start":{"line":13,"column":4},"end":{"line":13,"column":26}},"6":{"start":{"line":14,"column":4},"end":{"line":14,"column":32}},"7":{"start":{"line":17,"column":2},"end":{"line":35,"column":4}}},"fnMap":{"0":{"name":"(anonymous_0)","decl":{"start":{"line":5,"column":13},"end":{"line":5,"column":14}},"loc":{"start":{"line":5,"column":19},"end":{"line":36,"column":1}},"line":5},"1":{"name":"(anonymous_1)","decl":{"start":{"line":7,"column":32},"end":{"line":7,"column":33}},"loc":{"start":{"line":7,"column":43},"end":{"line":7,"column":59}},"line":7},"2":{"name":"(anonymous_2)","decl":{"start":{"line":11,"column":26},"end":{"line":11,"column":27}},"loc":{"start":{"line":11,"column":32},"end":{"line":15,"column":3}},"line":11}},"branchMap":{"0":{"loc":{"start":{"line":28,"column":9},"end":{"line":32,"column":9}},"type":"cond-expr","locations":[{"start":{"line":29,"column":10},"end":{"line":29,"column":41}},{"start":{"line":31,"column":10},"end":{"line":31,"column":38}}],"line":28}},"s":{"0":1,"1":4,"2":8,"3":4,"4":4,"5":1,"6":1,"7":4},"f":{"0":4,"1":8,"2":1},"b":{"0":[2,2]},"_coverageSchema":"1a1c01bbd47fc00a2c39e90264f33305004495a9","hash":"7dba2653ddb0ab76c0b69d3bf3ec70b0c422a3c4"}
,"C:\\Users\\siddh\\Desktop\\React laearnings\\React\\course_namaste_react\\ep13\\src\\components\\Contact.jsx": {"path":"C:\\Users\\siddh\\Desktop\\React laearnings\\React\\course_namaste_react\\ep13\\src\\components\\Contact.jsx","statementMap":{"0":{"start":{"line":1,"column":16},"end":{"line":22,"column":1}},"1":{"start":{"line":2,"column":2},"end":{"line":21,"column":4}}},"fnMap":{"0":{"name":"(anonymous_0)","decl":{"start":{"line":1,"column":16},"end":{"line":1,"column":17}},"loc":{"start":{"line":1,"column":22},"end":{"line":22,"column":1}},"line":1}},"branchMap":{},"s":{"0":1,"1":5},"f":{"0":5},"b":{},"_coverageSchema":"1a1c01bbd47fc00a2c39e90264f33305004495a9","hash":"2a646d8c1956b2417624b5fdfdf5ce1925d2b04f"}
,"C:\\Users\\siddh\\Desktop\\React laearnings\\React\\course_namaste_react\\ep13\\src\\components\\Header.jsx": {"path":"C:\\Users\\siddh\\Desktop\\React laearnings\\React\\course_namaste_react\\ep13\\src\\components\\Header.jsx","statementMap":{"0":{"start":{"line":7,"column":15},"end":{"line":81,"column":1}},"1":{"start":{"line":9,"column":16},"end":{"line":9,"column":24}},"2":{"start":{"line":10,"column":42},"end":{"line":10,"column":59}},"3":{"start":{"line":11,"column":2},"end":{"line":11,"column":33}},"4":{"start":{"line":13,"column":23},"end":{"line":13,"column":40}},"5":{"start":{"line":15,"column":27},"end":{"line":15,"column":50}},"6":{"start":{"line":20,"column":20},"end":{"line":20,"column":60}},"7":{"start":{"line":20,"column":43},"end":{"line":20,"column":59}},"8":{"start":{"line":21,"column":2},"end":{"line":21,"column":25}},"9":{"start":{"line":28,"column":2},"end":{"line":30,"column":9}},"10":{"start":{"line":29,"column":4},"end":{"line":29,"column":43}},"11":{"start":{"line":32,"column":2},"end":{"line":80,"column":4}},"12":{"start":{"line":69,"column":14},"end":{"line":71,"column":43}}},"fnMap":{"0":{"name":"(anonymous_0)","decl":{"start":{"line":7,"column":15},"end":{"line":7,"column":16}},"loc":{"start":{"line":7,"column":21},"end":{"line":81,"column":1}},"line":7},"1":{"name":"(anonymous_1)","decl":{"start":{"line":20,"column":32},"end":{"line":20,"column":33}},"loc":{"start":{"line":20,"column":43},"end":{"line":20,"column":59}},"line":20},"2":{"name":"(anonymous_2)","decl":{"start":{"line":28,"column":12},"end":{"line":28,"column":13}},"loc":{"start":{"line":28,"column":18},"end":{"line":30,"column":3}},"line":28},"3":{"name":"(anonymous_3)","decl":{"start":{"line":60,"column":21},"end":{"line":60,"column":22}},"loc":{"start":{"line":60,"column":27},"end":{"line":72,"column":13}},"line":60}},"branchMap":{"0":{"loc":{"start":{"line":40,"column":47},"end":{"line":40,"column":72}},"type":"cond-expr","locations":[{"start":{"line":40,"column":62},"end":{"line":40,"column":65}},{"start":{"line":40,"column":68},"end":{"line":40,"column":72}}],"line":40},"1":{"loc":{"start":{"line":69,"column":14},"end":{"line":71,"column":42}},"type":"cond-expr","locations":[{"start":{"line":70,"column":18},"end":{"line":70,"column":43}},{"start":{"line":71,"column":18},"end":{"line":71,"column":42}}],"line":69}},"s":{"0":2,"1":8,"2":8,"3":8,"4":8,"5":8,"6":8,"7":15,"8":8,"9":8,"10":4,"11":8,"12":1},"f":{"0":8,"1":15,"2":4,"3":1},"b":{"0":[8,0],"1":[1,0]},"_coverageSchema":"1a1c01bbd47fc00a2c39e90264f33305004495a9","hash":"71568ab42986ecf0473c1c939c6a2f2a83bad131"}
,"C:\\Users\\siddh\\Desktop\\React laearnings\\React\\course_namaste_react\\ep13\\src\\components\\ItemsList.jsx": {"path":"C:\\Users\\siddh\\Desktop\\React laearnings\\React\\course_namaste_react\\ep13\\src\\components\\ItemsList.jsx","statementMap":{"0":{"start":{"line":5,"column":18},"end":{"line":61,"column":1}},"1":{"start":{"line":8,"column":19},"end":{"line":8,"column":32}},"2":{"start":{"line":10,"column":24},"end":{"line":20,"column":3}},"3":{"start":{"line":13,"column":4},"end":{"line":13,"column":28}},"4":{"start":{"line":22,"column":2},"end":{"line":60,"column":4}},"5":{"start":{"line":25,"column":8},"end":{"line":57,"column":14}},"6":{"start":{"line":37,"column":31},"end":{"line":37,"column":50}}},"fnMap":{"0":{"name":"(anonymous_0)","decl":{"start":{"line":5,"column":18},"end":{"line":5,"column":19}},"loc":{"start":{"line":5,"column":33},"end":{"line":61,"column":1}},"line":5},"1":{"name":"(anonymous_1)","decl":{"start":{"line":10,"column":24},"end":{"line":10,"column":25}},"loc":{"start":{"line":10,"column":34},"end":{"line":20,"column":3}},"line":10},"2":{"name":"(anonymous_2)","decl":{"start":{"line":24,"column":17},"end":{"line":24,"column":18}},"loc":{"start":{"line":25,"column":8},"end":{"line":57,"column":14}},"line":25},"3":{"name":"(anonymous_3)","decl":{"start":{"line":37,"column":25},"end":{"line":37,"column":26}},"loc":{"start":{"line":37,"column":31},"end":{"line":37,"column":50}},"line":37}},"branchMap":{"0":{"loc":{"start":{"line":50,"column":17},"end":{"line":52,"column":53}},"type":"cond-expr","locations":[{"start":{"line":51,"column":20},"end":{"line":51,"column":46}},{"start":{"line":52,"column":20},"end":{"line":52,"column":53}}],"line":50}},"s":{"0":1,"1":3,"2":3,"3":2,"4":3,"5":17,"6":2},"f":{"0":3,"1":2,"2":17,"3":2},"b":{"0":[1,16]},"_coverageSchema":"1a1c01bbd47fc00a2c39e90264f33305004495a9","hash":"cc3631ee068c14a41bab133f0d454f6bf799cd58"}
,"C:\\Users\\siddh\\Desktop\\React laearnings\\React\\course_namaste_react\\ep13\\src\\components\\RestaurantCard.jsx": {"path":"C:\\Users\\siddh\\Desktop\\React laearnings\\React\\course_namaste_react\\ep13\\src\\components\\RestaurantCard.jsx","statementMap":{"0":{"start":{"line":3,"column":18},"end":{"line":5,"column":1}},"1":{"start":{"line":9,"column":23},"end":{"line":38,"column":1}},"2":{"start":{"line":15,"column":23},"end":{"line":15,"column":28}},"3":{"start":{"line":19,"column":4},"end":{"line":19,"column":18}},"4":{"start":{"line":21,"column":2},"end":{"line":37,"column":4}},"5":{"start":{"line":45,"column":33},"end":{"line":57,"column":1}},"6":{"start":{"line":47,"column":2},"end":{"line":56,"column":4}},"7":{"start":{"line":48,"column":4},"end":{"line":55,"column":6}}},"fnMap":{"0":{"name":"(anonymous_0)","decl":{"start":{"line":9,"column":23},"end":{"line":9,"column":24}},"loc":{"start":{"line":9,"column":34},"end":{"line":38,"column":1}},"line":9},"1":{"name":"(anonymous_1)","decl":{"start":{"line":45,"column":33},"end":{"line":45,"column":34}},"loc":{"start":{"line":45,"column":53},"end":{"line":57,"column":1}},"line":45},"2":{"name":"(anonymous_2)","decl":{"start":{"line":47,"column":9},"end":{"line":47,"column":10}},"loc":{"start":{"line":47,"column":20},"end":{"line":56,"column":3}},"line":47}},"branchMap":{},"s":{"0":2,"1":2,"2":31,"3":31,"4":31,"5":2,"6":8,"7":8},"f":{"0":31,"1":8,"2":8},"b":{},"_coverageSchema":"1a1c01bbd47fc00a2c39e90264f33305004495a9","hash":"6f5bd57c522ad9cac4abdcc8cbc0b18dde4607f9"}
,"C:\\Users\\siddh\\Desktop\\React laearnings\\React\\course_namaste_react\\ep13\\src\\components\\RestaurantCategory.jsx": {"path":"C:\\Users\\siddh\\Desktop\\React laearnings\\React\\course_namaste_react\\ep13\\src\\components\\RestaurantCategory.jsx","statementMap":{"0":{"start":{"line":4,"column":27},"end":{"line":34,"column":1}},"1":{"start":{"line":6,"column":20},"end":{"line":6,"column":24}},"2":{"start":{"line":11,"column":22},"end":{"line":14,"column":3}},"3":{"start":{"line":12,"column":4},"end":{"line":12,"column":33}},"4":{"start":{"line":13,"column":4},"end":{"line":13,"column":19}},"5":{"start":{"line":16,"column":2},"end":{"line":33,"column":4}}},"fnMap":{"0":{"name":"(anonymous_0)","decl":{"start":{"line":4,"column":27},"end":{"line":4,"column":28}},"loc":{"start":{"line":4,"column":66},"end":{"line":34,"column":1}},"line":4},"1":{"name":"(anonymous_1)","decl":{"start":{"line":11,"column":22},"end":{"line":11,"column":23}},"loc":{"start":{"line":11,"column":28},"end":{"line":14,"column":3}},"line":11}},"branchMap":{"0":{"loc":{"start":{"line":30,"column":9},"end":{"line":30,"column":62}},"type":"cond-expr","locations":[{"start":{"line":30,"column":21},"end":{"line":30,"column":57}},{"start":{"line":30,"column":60},"end":{"line":30,"column":62}}],"line":30}},"s":{"0":1,"1":16,"2":16,"3":1,"4":1,"5":16},"f":{"0":16,"1":1},"b":{"0":[1,15]},"_coverageSchema":"1a1c01bbd47fc00a2c39e90264f33305004495a9","hash":"f9fc41ab8e287dca53e179aeea63fb94394557ca"}
,"C:\\Users\\siddh\\Desktop\\React laearnings\\React\\course_namaste_react\\ep13\\src\\components\\RestaurantMenu.jsx": {"path":"C:\\Users\\siddh\\Desktop\\React laearnings\\React\\course_namaste_react\\ep13\\src\\components\\RestaurantMenu.jsx","statementMap":{"0":{"start":{"line":8,"column":23},"end":{"line":61,"column":1}},"1":{"start":{"line":12,"column":20},"end":{"line":12,"column":31}},"2":{"start":{"line":14,"column":19},"end":{"line":14,"column":43}},"3":{"start":{"line":16,"column":36},"end":{"line":16,"column":50}},"4":{"start":{"line":18,"column":2},"end":{"line":18,"column":44}},"5":{"start":{"line":18,"column":25},"end":{"line":18,"column":44}},"6":{"start":{"line":27,"column":6},"end":{"line":27,"column":38}},"7":{"start":{"line":30,"column":4},"end":{"line":31,"column":16}},"8":{"start":{"line":37,"column":4},"end":{"line":41,"column":5}},"9":{"start":{"line":39,"column":8},"end":{"line":40,"column":70}},"10":{"start":{"line":42,"column":2},"end":{"line":42,"column":43}},"11":{"start":{"line":44,"column":2},"end":{"line":60,"column":4}},"12":{"start":{"line":52,"column":8},"end":{"line":57,"column":10}},"13":{"start":{"line":56,"column":30},"end":{"line":56,"column":49}}},"fnMap":{"0":{"name":"(anonymous_0)","decl":{"start":{"line":8,"column":23},"end":{"line":8,"column":24}},"loc":{"start":{"line":8,"column":29},"end":{"line":61,"column":1}},"line":8},"1":{"name":"(anonymous_1)","decl":{"start":{"line":38,"column":6},"end":{"line":38,"column":7}},"loc":{"start":{"line":39,"column":8},"end":{"line":40,"column":70}},"line":39},"2":{"name":"(anonymous_2)","decl":{"start":{"line":51,"column":22},"end":{"line":51,"column":23}},"loc":{"start":{"line":52,"column":8},"end":{"line":57,"column":10}},"line":52},"3":{"name":"(anonymous_3)","decl":{"start":{"line":56,"column":24},"end":{"line":56,"column":25}},"loc":{"start":{"line":56,"column":30},"end":{"line":56,"column":49}},"line":56}},"branchMap":{"0":{"loc":{"start":{"line":18,"column":2},"end":{"line":18,"column":44}},"type":"if","locations":[{"start":{"line":18,"column":2},"end":{"line":18,"column":44}},{"start":{},"end":{}}],"line":18},"1":{"loc":{"start":{"line":55,"column":21},"end":{"line":55,"column":55}},"type":"cond-expr","locations":[{"start":{"line":55,"column":43},"end":{"line":55,"column":47}},{"start":{"line":55,"column":50},"end":{"line":55,"column":55}}],"line":55}},"s":{"0":1,"1":3,"2":3,"3":3,"4":3,"5":1,"6":2,"7":2,"8":2,"9":28,"10":2,"11":2,"12":16,"13":1},"f":{"0":3,"1":28,"2":16,"3":1},"b":{"0":[1,2],"1":[1,15]},"_coverageSchema":"1a1c01bbd47fc00a2c39e90264f33305004495a9","hash":"c74b482e76c5cab529db722e72a75d54daadf975"}
,"C:\\Users\\siddh\\Desktop\\React laearnings\\React\\course_namaste_react\\ep13\\src\\components\\Shimmer.jsx": {"path":"C:\\Users\\siddh\\Desktop\\React laearnings\\React\\course_namaste_react\\ep13\\src\\components\\Shimmer.jsx","statementMap":{"0":{"start":{"line":1,"column":16},"end":{"line":16,"column":1}},"1":{"start":{"line":2,"column":2},"end":{"line":15,"column":4}}},"fnMap":{"0":{"name":"(anonymous_0)","decl":{"start":{"line":1,"column":16},"end":{"line":1,"column":17}},"loc":{"start":{"line":1,"column":22},"end":{"line":16,"column":1}},"line":1}},"branchMap":{},"s":{"0":2,"1":3},"f":{"0":3},"b":{},"_coverageSchema":"1a1c01bbd47fc00a2c39e90264f33305004495a9","hash":"e40f2780d2069039511e11cc2d401062f5f0f56a"}
,"C:\\Users\\siddh\\Desktop\\React laearnings\\React\\course_namaste_react\\ep13\\src\\components\\sum.js": {"path":"C:\\Users\\siddh\\Desktop\\React laearnings\\React\\course_namaste_react\\ep13\\src\\components\\sum.js","statementMap":{"0":{"start":{"line":1,"column":19},"end":{"line":3,"column":1}},"1":{"start":{"line":2,"column":2},"end":{"line":2,"column":15}}},"fnMap":{"0":{"name":"(anonymous_0)","decl":{"start":{"line":1,"column":19},"end":{"line":1,"column":20}},"loc":{"start":{"line":1,"column":29},"end":{"line":3,"column":1}},"line":1}},"branchMap":{},"s":{"0":1,"1":1},"f":{"0":1},"b":{},"_coverageSchema":"1a1c01bbd47fc00a2c39e90264f33305004495a9","hash":"43b9b3750659e3dfbe3b50ba3154225b25e5d907"}
,"C:\\Users\\siddh\\Desktop\\React laearnings\\React\\course_namaste_react\\ep13\\src\\utils\\UserContext.js": {"path":"C:\\Users\\siddh\\Desktop\\React laearnings\\React\\course_namaste_react\\ep13\\src\\utils\\UserContext.js","statementMap":{"0":{"start":{"line":3,"column":20},"end":{"line":5,"column":2}}},"fnMap":{},"branchMap":{},"s":{"0":3},"f":{},"b":{},"_coverageSchema":"1a1c01bbd47fc00a2c39e90264f33305004495a9","hash":"2c35deb73791fbe1b42b17a0ea24cef860b57fc3"}
,"C:\\Users\\siddh\\Desktop\\React laearnings\\React\\course_namaste_react\\ep13\\src\\utils\\appStore.js": {"path":"C:\\Users\\siddh\\Desktop\\React laearnings\\React\\course_namaste_react\\ep13\\src\\utils\\appStore.js","statementMap":{"0":{"start":{"line":4,"column":17},"end":{"line":8,"column":2}}},"fnMap":{},"branchMap":{},"s":{"0":2},"f":{},"b":{},"_coverageSchema":"1a1c01bbd47fc00a2c39e90264f33305004495a9","hash":"b3650b313bc72e6386a37f7b271713a9d44b4adb"}
,"C:\\Users\\siddh\\Desktop\\React laearnings\\React\\course_namaste_react\\ep13\\src\\utils\\cartSlice.js": {"path":"C:\\Users\\siddh\\Desktop\\React laearnings\\React\\course_namaste_react\\ep13\\src\\utils\\cartSlice.js","statementMap":{"0":{"start":{"line":3,"column":18},"end":{"line":24,"column":2}},"1":{"start":{"line":12,"column":6},"end":{"line":12,"column":39}},"2":{"start":{"line":15,"column":6},"end":{"line":15,"column":24}},"3":{"start":{"line":18,"column":6},"end":{"line":18,"column":29}},"4":{"start":{"line":28,"column":50},"end":{"line":28,"column":67}}},"fnMap":{"0":{"name":"(anonymous_0)","decl":{"start":{"line":10,"column":13},"end":{"line":10,"column":14}},"loc":{"start":{"line":10,"column":32},"end":{"line":13,"column":5}},"line":10},"1":{"name":"(anonymous_1)","decl":{"start":{"line":14,"column":16},"end":{"line":14,"column":17}},"loc":{"start":{"line":14,"column":35},"end":{"line":16,"column":5}},"line":14},"2":{"name":"(anonymous_2)","decl":{"start":{"line":17,"column":15},"end":{"line":17,"column":16}},"loc":{"start":{"line":17,"column":34},"end":{"line":22,"column":5}},"line":17}},"branchMap":{},"s":{"0":2,"1":2,"2":0,"3":1,"4":2},"f":{"0":2,"1":0,"2":1},"b":{},"_coverageSchema":"1a1c01bbd47fc00a2c39e90264f33305004495a9","hash":"a8c47ba43ff6fcf50d7060a896010c4148cab668"}
,"C:\\Users\\siddh\\Desktop\\React laearnings\\React\\course_namaste_react\\ep13\\src\\utils\\constants.js": {"path":"C:\\Users\\siddh\\Desktop\\React laearnings\\React\\course_namaste_react\\ep13\\src\\utils\\constants.js","statementMap":{"0":{"start":{"line":1,"column":19},"end":{"line":1,"column":21}},"1":{"start":{"line":2,"column":20},"end":{"line":2,"column":22}},"2":{"start":{"line":4,"column":2},"end":{"line":4,"column":85}},"3":{"start":{"line":7,"column":2},"end":{"line":7,"column":132}}},"fnMap":{},"branchMap":{},"s":{"0":3,"1":3,"2":3,"3":3},"f":{},"b":{},"_coverageSchema":"1a1c01bbd47fc00a2c39e90264f33305004495a9","hash":"407ed7afdcfda4582538c4889a2b003281f9bb67"}
,"C:\\Users\\siddh\\Desktop\\React laearnings\\React\\course_namaste_react\\ep13\\src\\utils\\useOnlineStatus.js": {"path":"C:\\Users\\siddh\\Desktop\\React laearnings\\React\\course_namaste_react\\ep13\\src\\utils\\useOnlineStatus.js","statementMap":{"0":{"start":{"line":3,"column":24},"end":{"line":25,"column":1}},"1":{"start":{"line":11,"column":42},"end":{"line":11,"column":56}},"2":{"start":{"line":14,"column":2},"end":{"line":22,"column":9}},"3":{"start":{"line":15,"column":4},"end":{"line":17,"column":7}},"4":{"start":{"line":16,"column":6},"end":{"line":16,"column":29}},"5":{"start":{"line":19,"column":4},"end":{"line":21,"column":7}},"6":{"start":{"line":20,"column":6},"end":{"line":20,"column":28}},"7":{"start":{"line":24,"column":2},"end":{"line":24,"column":22}}},"fnMap":{"0":{"name":"(anonymous_0)","decl":{"start":{"line":3,"column":24},"end":{"line":3,"column":25}},"loc":{"start":{"line":3,"column":30},"end":{"line":25,"column":1}},"line":3},"1":{"name":"(anonymous_1)","decl":{"start":{"line":14,"column":12},"end":{"line":14,"column":13}},"loc":{"start":{"line":14,"column":18},"end":{"line":22,"column":3}},"line":14},"2":{"name":"(anonymous_2)","decl":{"start":{"line":15,"column":39},"end":{"line":15,"column":40}},"loc":{"start":{"line":15,"column":45},"end":{"line":17,"column":5}},"line":15},"3":{"name":"(anonymous_3)","decl":{"start":{"line":19,"column":38},"end":{"line":19,"column":39}},"loc":{"start":{"line":19,"column":44},"end":{"line":21,"column":5}},"line":19}},"branchMap":{},"s":{"0":3,"1":15,"2":15,"3":6,"4":0,"5":6,"6":0,"7":15},"f":{"0":15,"1":6,"2":0,"3":0},"b":{},"_coverageSchema":"1a1c01bbd47fc00a2c39e90264f33305004495a9","hash":"1ff18b1d31329b84de69c594ade0eab934daff10"}
,"C:\\Users\\siddh\\Desktop\\React laearnings\\React\\course_namaste_react\\ep13\\src\\utils\\useRestaurantMenu.js": {"path":"C:\\Users\\siddh\\Desktop\\React laearnings\\React\\course_namaste_react\\ep13\\src\\utils\\useRestaurantMenu.js","statementMap":{"0":{"start":{"line":4,"column":26},"end":{"line":23,"column":1}},"1":{"start":{"line":7,"column":33},"end":{"line":7,"column":47}},"2":{"start":{"line":9,"column":2},"end":{"line":11,"column":9}},"3":{"start":{"line":10,"column":4},"end":{"line":10,"column":16}},"4":{"start":{"line":13,"column":20},"end":{"line":20,"column":3}},"5":{"start":{"line":14,"column":22},"end":{"line":14,"column":46}},"6":{"start":{"line":15,"column":16},"end":{"line":15,"column":44}},"7":{"start":{"line":17,"column":17},"end":{"line":17,"column":33}},"8":{"start":{"line":18,"column":17},"end":{"line":18,"column":34}},"9":{"start":{"line":19,"column":4},"end":{"line":19,"column":26}},"10":{"start":{"line":22,"column":2},"end":{"line":22,"column":18}}},"fnMap":{"0":{"name":"(anonymous_0)","decl":{"start":{"line":4,"column":26},"end":{"line":4,"column":27}},"loc":{"start":{"line":4,"column":37},"end":{"line":23,"column":1}},"line":4},"1":{"name":"(anonymous_1)","decl":{"start":{"line":9,"column":12},"end":{"line":9,"column":13}},"loc":{"start":{"line":9,"column":18},"end":{"line":11,"column":3}},"line":9},"2":{"name":"(anonymous_2)","decl":{"start":{"line":13,"column":20},"end":{"line":13,"column":21}},"loc":{"start":{"line":13,"column":32},"end":{"line":20,"column":3}},"line":13}},"branchMap":{},"s":{"0":1,"1":3,"2":3,"3":1,"4":3,"5":1,"6":1,"7":1,"8":1,"9":1,"10":3},"f":{"0":3,"1":1,"2":1},"b":{},"_coverageSchema":"1a1c01bbd47fc00a2c39e90264f33305004495a9","hash":"91837c5438f9301c8ae33bae4c2f6cc1a449050d"}
}
