TN:
SF:src\components\Body.jsx
FN:10,(anonymous_0)
FN:30,(anonymous_1)
FN:36,(anonymous_2)
FN:91,(anonymous_3)
FN:99,(anonymous_4)
FN:105,(anonymous_5)
FN:118,(anonymous_6)
FN:126,(anonymous_7)
FN:143,(anonymous_8)
FN:156,(anonymous_9)
FN:170,(anonymous_10)
FNF:11
FNH:9
FNDA:7,(anonymous_0)
FNDA:2,(anonymous_1)
FNDA:2,(anonymous_2)
FNDA:1,(anonymous_3)
FNDA:1,(anonymous_4)
FNDA:9,(anonymous_5)
FNDA:1,(anonymous_6)
FNDA:9,(anonymous_7)
FNDA:0,(anonymous_8)
FNDA:0,(anonymous_9)
FNDA:29,(anonymous_10)
DA:10,1
DA:15,7
DA:18,7
DA:19,7
DA:21,7
DA:24,7
DA:30,7
DA:31,2
DA:33,2
DA:36,7
DA:40,2
DA:42,2
DA:44,2
DA:45,2
DA:48,2
DA:54,2
DA:55,2
DA:63,7
DA:64,7
DA:65,0
DA:78,7
DA:80,7
DA:94,1
DA:105,1
DA:106,9
DA:108,1
DA:119,1
DA:125,1
DA:126,9
DA:130,1
DA:131,1
DA:144,0
DA:156,0
DA:171,29
LF:34
LH:31
BRDA:64,0,0,0
BRDA:64,0,1,7
BRDA:80,1,0,2
BRDA:80,1,1,5
BRDA:177,2,0,7
BRDA:177,2,1,22
BRF:6
BRH:5
end_of_record
TN:
SF:src\components\Cart.jsx
FN:5,(anonymous_0)
FN:7,(anonymous_1)
FN:11,(anonymous_2)
FNF:3
FNH:3
FNDA:4,(anonymous_0)
FNDA:8,(anonymous_1)
FNDA:1,(anonymous_2)
DA:5,1
DA:7,8
DA:9,4
DA:11,4
DA:13,1
DA:14,1
DA:17,4
LF:7
LH:7
BRDA:28,0,0,2
BRDA:28,0,1,2
BRF:2
BRH:2
end_of_record
TN:
SF:src\components\Contact.jsx
FN:1,(anonymous_0)
FNF:1
FNH:1
FNDA:5,(anonymous_0)
DA:1,1
DA:2,5
LF:2
LH:2
BRF:0
BRH:0
end_of_record
TN:
SF:src\components\Header.jsx
FN:7,(anonymous_0)
FN:20,(anonymous_1)
FN:28,(anonymous_2)
FN:60,(anonymous_3)
FNF:4
FNH:4
FNDA:8,(anonymous_0)
FNDA:15,(anonymous_1)
FNDA:4,(anonymous_2)
FNDA:1,(anonymous_3)
DA:7,2
DA:9,8
DA:10,8
DA:11,8
DA:13,8
DA:15,8
DA:20,15
DA:21,8
DA:28,8
DA:29,4
DA:32,8
DA:69,1
LF:12
LH:12
BRDA:40,0,0,8
BRDA:40,0,1,0
BRDA:69,1,0,1
BRDA:69,1,1,0
BRF:4
BRH:2
end_of_record
TN:
SF:src\components\ItemsList.jsx
FN:5,(anonymous_0)
FN:10,(anonymous_1)
FN:24,(anonymous_2)
FN:37,(anonymous_3)
FNF:4
FNH:4
FNDA:3,(anonymous_0)
FNDA:2,(anonymous_1)
FNDA:17,(anonymous_2)
FNDA:2,(anonymous_3)
DA:5,1
DA:8,3
DA:10,3
DA:13,2
DA:22,3
DA:25,17
DA:37,2
LF:7
LH:7
BRDA:50,0,0,1
BRDA:50,0,1,16
BRF:2
BRH:2
end_of_record
TN:
SF:src\components\RestaurantCard.jsx
FN:9,(anonymous_0)
FN:45,(anonymous_1)
FN:47,(anonymous_2)
FNF:3
FNH:3
FNDA:31,(anonymous_0)
FNDA:8,(anonymous_1)
FNDA:8,(anonymous_2)
DA:3,2
DA:9,2
DA:15,31
DA:19,31
DA:21,31
DA:45,2
DA:47,8
DA:48,8
LF:8
LH:8
BRF:0
BRH:0
end_of_record
TN:
SF:src\components\RestaurantCategory.jsx
FN:4,(anonymous_0)
FN:11,(anonymous_1)
FNF:2
FNH:2
FNDA:16,(anonymous_0)
FNDA:1,(anonymous_1)
DA:4,1
DA:6,16
DA:11,16
DA:12,1
DA:13,1
DA:16,16
LF:6
LH:6
BRDA:30,0,0,1
BRDA:30,0,1,15
BRF:2
BRH:2
end_of_record
TN:
SF:src\components\RestaurantMenu.jsx
FN:8,(anonymous_0)
FN:38,(anonymous_1)
FN:51,(anonymous_2)
FN:56,(anonymous_3)
FNF:4
FNH:4
FNDA:3,(anonymous_0)
FNDA:28,(anonymous_1)
FNDA:16,(anonymous_2)
FNDA:1,(anonymous_3)
DA:8,1
DA:12,3
DA:14,3
DA:16,3
DA:18,3
DA:27,2
DA:30,2
DA:37,2
DA:39,28
DA:42,2
DA:44,2
DA:52,16
DA:56,1
LF:13
LH:13
BRDA:18,0,0,1
BRDA:18,0,1,2
BRDA:55,1,0,1
BRDA:55,1,1,15
BRF:4
BRH:4
end_of_record
TN:
SF:src\components\Shimmer.jsx
FN:1,(anonymous_0)
FNF:1
FNH:1
FNDA:3,(anonymous_0)
DA:1,2
DA:2,3
LF:2
LH:2
BRF:0
BRH:0
end_of_record
TN:
SF:src\components\sum.js
FN:1,(anonymous_0)
FNF:1
FNH:1
FNDA:1,(anonymous_0)
DA:1,1
DA:2,1
LF:2
LH:2
BRF:0
BRH:0
end_of_record
TN:
SF:src\utils\UserContext.js
FNF:0
FNH:0
DA:3,3
LF:1
LH:1
BRF:0
BRH:0
end_of_record
TN:
SF:src\utils\appStore.js
FNF:0
FNH:0
DA:4,2
LF:1
LH:1
BRF:0
BRH:0
end_of_record
TN:
SF:src\utils\cartSlice.js
FN:10,(anonymous_0)
FN:14,(anonymous_1)
FN:17,(anonymous_2)
FNF:3
FNH:2
FNDA:2,(anonymous_0)
FNDA:0,(anonymous_1)
FNDA:1,(anonymous_2)
DA:3,2
DA:12,2
DA:15,0
DA:18,1
DA:28,2
LF:5
LH:4
BRF:0
BRH:0
end_of_record
TN:
SF:src\utils\constants.js
FNF:0
FNH:0
DA:1,3
DA:2,3
DA:4,3
DA:7,3
LF:4
LH:4
BRF:0
BRH:0
end_of_record
TN:
SF:src\utils\useOnlineStatus.js
FN:3,(anonymous_0)
FN:14,(anonymous_1)
FN:15,(anonymous_2)
FN:19,(anonymous_3)
FNF:4
FNH:2
FNDA:15,(anonymous_0)
FNDA:6,(anonymous_1)
FNDA:0,(anonymous_2)
FNDA:0,(anonymous_3)
DA:3,3
DA:11,15
DA:14,15
DA:15,6
DA:16,0
DA:19,6
DA:20,0
DA:24,15
LF:8
LH:6
BRF:0
BRH:0
end_of_record
TN:
SF:src\utils\useRestaurantMenu.js
FN:4,(anonymous_0)
FN:9,(anonymous_1)
FN:13,(anonymous_2)
FNF:3
FNH:3
FNDA:3,(anonymous_0)
FNDA:1,(anonymous_1)
FNDA:1,(anonymous_2)
DA:4,1
DA:7,3
DA:9,3
DA:10,1
DA:13,3
DA:14,1
DA:15,1
DA:17,1
DA:18,1
DA:19,1
DA:22,3
LF:11
LH:11
BRF:0
BRH:0
end_of_record
